=== RUN TestJSONExpectedFailure-6
--- FAIL: TestJSONExpectedFailure-6 (0.00s)
	results_test.go:11: Unable to parse file: EOF
=== RUN TestJSONSkipped-6
--- FAIL: TestJSONSkipped-6 (0.00s)
	results_test.go:24: Unable to parse file: EOF
=== RUN TestBuckXML-6
--- PASS: TestBuckXML-6 (0.00s)
=== RUN TestJUnitXML-6
--- PASS: TestJUnitXML-6 (0.00s)
FAIL
